# JRE version: OpenJDK Runtime Environment (8.0_152-b01) (build 1.8.0_152-release-915-b01)
# Java VM: OpenJDK 64-Bit Server VM (25.152-b01 mixed mode windows-amd64 compressed oops)
Heap:
 PSYoungGen      total 145920K, used 85428K [0x00000000e0000000, 0x00000000ea900000, 0x0000000100000000)
  eden space 126976K, 60% used [0x00000000e0000000,0x00000000e4b3f0e8,0x00000000e7c00000)
  from space 18944K, 44% used [0x00000000e9680000,0x00000000e9eae160,0x00000000ea900000)
  to   space 23040K, 0% used [0x00000000e7c00000,0x00000000e7c00000,0x00000000e9280000)
 ParOldGen       total 142336K, used 79918K [0x00000000a0000000, 0x00000000a8b00000, 0x00000000e0000000)
  object space 142336K, 56% used [0x00000000a0000000,0x00000000a4e0bb68,0x00000000a8b00000)
 Metaspace       used 87094K, capacity 95634K, committed 95832K, reserved 1132544K
  class space    used 11130K, capacity 13093K, committed 13184K, reserved 1048576K
GC Heap History (10 events):
Event: 3314.585 GC heap before
{Heap before GC invocations=49 (full 3):
 PSYoungGen      total 152576K, used 152432K [0x00000000e0000000, 0x00000000ec380000, 0x0000000100000000)
  eden space 145920K, 100% used [0x00000000e0000000,0x00000000e8e80000,0x00000000e8e80000)
  from space 6656K, 97% used [0x00000000e9280000,0x00000000e98dc1d0,0x00000000e9900000)
  to   space 27136K, 0% used [0x00000000ea900000,0x00000000ea900000,0x00000000ec380000)
 ParOldGen       total 142336K, used 78123K [0x00000000a0000000, 0x00000000a8b00000, 0x00000000e0000000)
  object space 142336K, 54% used [0x00000000a0000000,0x00000000a4c4afc8,0x00000000a8b00000)
 Metaspace       used 86794K, capacity 95082K, committed 95192K, reserved 1132544K
  class space    used 11097K, capacity 12973K, committed 13056K, reserved 1048576K
Event: 3314.596 GC heap after
Heap after GC invocations=49 (full 3):
 PSYoungGen      total 162816K, used 10031K [0x00000000e0000000, 0x00000000ebd80000, 0x0000000100000000)
  eden space 141824K, 0% used [0x00000000e0000000,0x00000000e0000000,0x00000000e8a80000)
  from space 20992K, 47% used [0x00000000ea900000,0x00000000eb2cbce0,0x00000000ebd80000)
  to   space 26112K, 0% used [0x00000000e8a80000,0x00000000e8a80000,0x00000000ea400000)
 ParOldGen       total 142336K, used 78410K [0x00000000a0000000, 0x00000000a8b00000, 0x00000000e0000000)
  object space 142336K, 55% used [0x00000000a0000000,0x00000000a4c92880,0x00000000a8b00000)
 Metaspace       used 86794K, capacity 95082K, committed 95192K, reserved 1132544K
  class space    used 11097K, capacity 12973K, committed 13056K, reserved 1048576K
}
Event: 3486.991 GC heap before
{Heap before GC invocations=50 (full 3):
 PSYoungGen      total 162816K, used 151855K [0x00000000e0000000, 0x00000000ebd80000, 0x0000000100000000)
  eden space 141824K, 100% used [0x00000000e0000000,0x00000000e8a80000,0x00000000e8a80000)
  from space 20992K, 47% used [0x00000000ea900000,0x00000000eb2cbce0,0x00000000ebd80000)
  to   space 26112K, 0% used [0x00000000e8a80000,0x00000000e8a80000,0x00000000ea400000)
 ParOldGen       total 142336K, used 78410K [0x00000000a0000000, 0x00000000a8b00000, 0x00000000e0000000)
  object space 142336K, 55% used [0x00000000a0000000,0x00000000a4c92880,0x00000000a8b00000)
 Metaspace       used 86859K, capacity 95202K, committed 95448K, reserved 1132544K
  class space    used 11108K, capacity 13013K, committed 13056K, reserved 1048576K
Event: 3487.002 GC heap after
Heap after GC invocations=50 (full 3):
 PSYoungGen      total 150016K, used 12024K [0x00000000e0000000, 0x00000000eb780000, 0x0000000100000000)
  eden space 137728K, 0% used [0x00000000e0000000,0x00000000e0000000,0x00000000e8680000)
  from space 12288K, 97% used [0x00000000e8a80000,0x00000000e963e130,0x00000000e9680000)
  to   space 25088K, 0% used [0x00000000e9f00000,0x00000000e9f00000,0x00000000eb780000)
 ParOldGen       total 142336K, used 78712K [0x00000000a0000000, 0x00000000a8b00000, 0x00000000e0000000)
  object space 142336K, 55% used [0x00000000a0000000,0x00000000a4cde140,0x00000000a8b00000)
 Metaspace       used 86859K, capacity 95202K, committed 95448K, reserved 1132544K
  class space    used 11108K, capacity 13013K, committed 13056K, reserved 1048576K
}
Event: 3501.553 GC heap before
{Heap before GC invocations=51 (full 3):
 PSYoungGen      total 150016K, used 149752K [0x00000000e0000000, 0x00000000eb780000, 0x0000000100000000)
  eden space 137728K, 100% used [0x00000000e0000000,0x00000000e8680000,0x00000000e8680000)
  from space 12288K, 97% used [0x00000000e8a80000,0x00000000e963e130,0x00000000e9680000)
  to   space 25088K, 0% used [0x00000000e9f00000,0x00000000e9f00000,0x00000000eb780000)
 ParOldGen       total 142336K, used 78712K [0x00000000a0000000, 0x00000000a8b00000, 0x00000000e0000000)
  object space 142336K, 55% used [0x00000000a0000000,0x00000000a4cde140,0x00000000a8b00000)
 Metaspace       used 86942K, capacity 95266K, committed 95448K, reserved 1132544K
  class space    used 11108K, capacity 13013K, committed 13056K, reserved 1048576K
Event: 3501.567 GC heap after
Heap after GC invocations=51 (full 3):
 PSYoungGen      total 154624K, used 8784K [0x00000000e0000000, 0x00000000eb300000, 0x0000000100000000)
  eden space 134144K, 0% used [0x00000000e0000000,0x00000000e0000000,0x00000000e8300000)
  from space 20480K, 42% used [0x00000000e9f00000,0x00000000ea794090,0x00000000eb300000)
  to   space 24576K, 0% used [0x00000000e8300000,0x00000000e8300000,0x00000000e9b00000)
 ParOldGen       total 142336K, used 79050K [0x00000000a0000000, 0x00000000a8b00000, 0x00000000e0000000)
  object space 142336K, 55% used [0x00000000a0000000,0x00000000a4d329f0,0x00000000a8b00000)
 Metaspace       used 86942K, capacity 95266K, committed 95448K, reserved 1132544K
  class space    used 11108K, capacity 13013K, committed 13056K, reserved 1048576K
}
Event: 3657.551 GC heap before
{Heap before GC invocations=52 (full 3):
 PSYoungGen      total 154624K, used 142928K [0x00000000e0000000, 0x00000000eb300000, 0x0000000100000000)
  eden space 134144K, 100% used [0x00000000e0000000,0x00000000e8300000,0x00000000e8300000)
  from space 20480K, 42% used [0x00000000e9f00000,0x00000000ea794090,0x00000000eb300000)
  to   space 24576K, 0% used [0x00000000e8300000,0x00000000e8300000,0x00000000e9b00000)
 ParOldGen       total 142336K, used 79050K [0x00000000a0000000, 0x00000000a8b00000, 0x00000000e0000000)
  object space 142336K, 55% used [0x00000000a0000000,0x00000000a4d329f0,0x00000000a8b00000)
 Metaspace       used 87003K, capacity 95450K, committed 95704K, reserved 1132544K
  class space    used 11119K, capacity 13053K, committed 13056K, reserved 1048576K
Event: 3657.558 GC heap after
Heap after GC invocations=52 (full 3):
 PSYoungGen      total 140800K, used 10014K [0x00000000e0000000, 0x00000000ead80000, 0x0000000100000000)
  eden space 130560K, 0% used [0x00000000e0000000,0x00000000e0000000,0x00000000e7f80000)
  from space 10240K, 97% used [0x00000000e8300000,0x00000000e8cc7a90,0x00000000e8d00000)
  to   space 23552K, 0% used [0x00000000e9680000,0x00000000e9680000,0x00000000ead80000)
 ParOldGen       total 142336K, used 79512K [0x00000000a0000000, 0x00000000a8b00000, 0x00000000e0000000)
  object space 142336K, 55% used [0x00000000a0000000,0x00000000a4da62b0,0x00000000a8b00000)
 Metaspace       used 87003K, capacity 95450K, committed 95704K, reserved 1132544K
  class space    used 11119K, capacity 13053K, committed 13056K, reserved 1048576K
}
Event: 3661.344 GC heap before
{Heap before GC invocations=53 (full 3):
 PSYoungGen      total 140800K, used 139756K [0x00000000e0000000, 0x00000000ead80000, 0x0000000100000000)
  eden space 130560K, 99% used [0x00000000e0000000,0x00000000e7eb3588,0x00000000e7f80000)
  from space 10240K, 97% used [0x00000000e8300000,0x00000000e8cc7a90,0x00000000e8d00000)
  to   space 23552K, 0% used [0x00000000e9680000,0x00000000e9680000,0x00000000ead80000)
 ParOldGen       total 142336K, used 79512K [0x00000000a0000000, 0x00000000a8b00000, 0x00000000e0000000)
  object space 142336K, 55% used [0x00000000a0000000,0x00000000a4da62b0,0x00000000a8b00000)
 Metaspace       used 87049K, capacity 95514K, committed 95704K, reserved 1132544K
  class space    used 11119K, capacity 13053K, committed 13056K, reserved 1048576K
Event: 3661.351 GC heap after
Heap after GC invocations=53 (full 3):
 PSYoungGen      total 145920K, used 8376K [0x00000000e0000000, 0x00000000ea900000, 0x0000000100000000)
  eden space 126976K, 0% used [0x00000000e0000000,0x00000000e0000000,0x00000000e7c00000)
  from space 18944K, 44% used [0x00000000e9680000,0x00000000e9eae160,0x00000000ea900000)
  to   space 23040K, 0% used [0x00000000e7c00000,0x00000000e7c00000,0x00000000e9280000)
 ParOldGen       total 142336K, used 79918K [0x00000000a0000000, 0x00000000a8b00000, 0x00000000e0000000)
  object space 142336K, 56% used [0x00000000a0000000,0x00000000a4e0bb68,0x00000000a8b00000)
 Metaspace       used 87049K, capacity 95514K, committed 95704K, reserved 1132544K
  class space    used 11119K, capacity 13053K, committed 13056K, reserved 1048576K
}

